<?xml version="1.0" encoding="UTF-8"?>
<testng-results skipped="1" failed="0" total="1" passed="0">
  <reporter-output>
  </reporter-output>
  <suite name="Default suite" duration-ms="40" started-at="2019-09-09T12:38:54Z" finished-at="2019-09-09T12:38:54Z">
    <groups>
    </groups>
    <test name="Default test" duration-ms="40" started-at="2019-09-09T12:38:54Z" finished-at="2019-09-09T12:38:54Z">
      <class name="com.ActiTIME.Test.VerifyBuildNoTest">
        <test-method status="FAIL" signature="Precondition(java.lang.String, java.lang.String)[pri:0, instance:com.ActiTIME.Test.VerifyBuildNoTest@5474c6c]" name="Precondition" is-config="true" duration-ms="0" started-at="2019-09-09T18:08:54Z" finished-at="2019-09-09T18:08:54Z">
          <exception class="org.testng.TestNGException">
            <message>
              <![CDATA[
Parameter 'nodeurl' is required by @Configuration on method Precondition but has not been marked @Optional or defined
in C:\Users\Anusha\AppData\Local\Temp\testng-eclipse--2049828738\testng-customsuite.xml]]>
            </message>
            <full-stacktrace>
              <![CDATA[org.testng.TestNGException: 
Parameter 'nodeurl' is required by @Configuration on method Precondition but has not been marked @Optional or defined
in C:\Users\Anusha\AppData\Local\Temp\testng-eclipse--2049828738\testng-customsuite.xml
	at org.testng.internal.Parameters.createParameters(Parameters.java:154)
	at org.testng.internal.Parameters.createParameters(Parameters.java:361)
	at org.testng.internal.Parameters.createConfigurationParameters(Parameters.java:84)
	at org.testng.internal.Invoker.invokeConfigurations(Invoker.java:201)
	at org.testng.internal.Invoker.invokeMethod(Invoker.java:589)
	at org.testng.internal.Invoker.invokeTestMethod(Invoker.java:822)
	at org.testng.internal.Invoker.invokeTestMethods(Invoker.java:1130)
	at org.testng.internal.TestMethodWorker.invokeTestMethods(TestMethodWorker.java:129)
	at org.testng.internal.TestMethodWorker.run(TestMethodWorker.java:112)
	at org.testng.TestRunner.privateRun(TestRunner.java:782)
	at org.testng.TestRunner.run(TestRunner.java:632)
	at org.testng.SuiteRunner.runTest(SuiteRunner.java:366)
	at org.testng.SuiteRunner.runSequentially(SuiteRunner.java:361)
	at org.testng.SuiteRunner.privateRun(SuiteRunner.java:319)
	at org.testng.SuiteRunner.run(SuiteRunner.java:268)
	at org.testng.SuiteRunnerWorker.runSuite(SuiteRunnerWorker.java:52)
	at org.testng.SuiteRunnerWorker.run(SuiteRunnerWorker.java:86)
	at org.testng.TestNG.runSuitesSequentially(TestNG.java:1244)
	at org.testng.TestNG.runSuitesLocally(TestNG.java:1169)
	at org.testng.TestNG.run(TestNG.java:1064)
	at org.testng.remote.RemoteTestNG.run(RemoteTestNG.java:113)
	at org.testng.remote.RemoteTestNG.initAndRun(RemoteTestNG.java:206)
	at org.testng.remote.RemoteTestNG.main(RemoteTestNG.java:177)
]]>
            </full-stacktrace>
          </exception> <!-- org.testng.TestNGException -->
          <reporter-output>
          </reporter-output>
        </test-method> <!-- Precondition -->
        <test-method status="SKIP" signature="VerifyBuildno()[pri:4, instance:com.ActiTIME.Test.VerifyBuildNoTest@5474c6c]" name="VerifyBuildno" duration-ms="8" started-at="2019-09-09T18:08:54Z" finished-at="2019-09-09T18:08:54Z">
          <reporter-output>
          </reporter-output>
        </test-method> <!-- VerifyBuildno -->
        <test-method status="SKIP" signature="Postcondition(org.testng.ITestResult)[pri:0, instance:com.ActiTIME.Test.VerifyBuildNoTest@5474c6c]" name="Postcondition" is-config="true" duration-ms="0" started-at="2019-09-09T18:08:54Z" finished-at="2019-09-09T18:08:54Z">
          <reporter-output>
          </reporter-output>
        </test-method> <!-- Postcondition -->
      </class> <!-- com.ActiTIME.Test.VerifyBuildNoTest -->
    </test> <!-- Default test -->
  </suite> <!-- Default suite -->
</testng-results>
